d:\esgi\5ème année\moteurc++\enginec++\enginec++\enginec++\x64\debug\vc143.pdb
d:\esgi\5ème année\moteurc++\enginec++\enginec++\enginec++\x64\debug\vc143.idb
d:\esgi\5ème année\moteurc++\enginec++\enginec++\enginec++\x64\debug\transform.obj
d:\esgi\5ème année\moteurc++\enginec++\enginec++\enginec++\x64\debug\time.obj
d:\esgi\5ème année\moteurc++\enginec++\enginec++\enginec++\x64\debug\tagmanager.obj
d:\esgi\5ème année\moteurc++\enginec++\enginec++\enginec++\x64\debug\system.obj
d:\esgi\5ème année\moteurc++\enginec++\enginec++\enginec++\x64\debug\scene.obj
d:\esgi\5ème année\moteurc++\enginec++\enginec++\enginec++\x64\debug\asciirenderer.obj
d:\esgi\5ème année\moteurc++\enginec++\enginec++\enginec++\x64\debug\position.obj
d:\esgi\5ème année\moteurc++\enginec++\enginec++\enginec++\x64\debug\object.obj
d:\esgi\5ème année\moteurc++\enginec++\enginec++\enginec++\x64\debug\playermovement.obj
d:\esgi\5ème année\moteurc++\enginec++\enginec++\enginec++\x64\debug\maploader.obj
d:\esgi\5ème année\moteurc++\enginec++\enginec++\enginec++\x64\debug\keycode.obj
d:\esgi\5ème année\moteurc++\enginec++\enginec++\enginec++\x64\debug\input.obj
d:\esgi\5ème année\moteurc++\enginec++\enginec++\enginec++\x64\debug\hashing.obj
d:\esgi\5ème année\moteurc++\enginec++\enginec++\enginec++\x64\debug\gameobject.obj
d:\esgi\5ème année\moteurc++\enginec++\enginec++\enginec++\x64\debug\factory.obj
d:\esgi\5ème année\moteurc++\enginec++\enginec++\enginec++\x64\debug\enginec++.obj
d:\esgi\5ème année\moteurc++\enginec++\enginec++\enginec++\x64\debug\component.obj
d:\esgi\5ème année\moteurc++\enginec++\enginec++\x64\debug\enginec++.exe
d:\esgi\5ème année\moteurc++\enginec++\enginec++\enginec++\x64\debug\enginec++.ilk
d:\esgi\5ème année\moteurc++\enginec++\enginec++\x64\debug\enginec++.pdb
d:\esgi\5ème année\moteurc++\enginec++\enginec++\enginec++\x64\debug\enginec++.tlog\cl.command.1.tlog
d:\esgi\5ème année\moteurc++\enginec++\enginec++\enginec++\x64\debug\enginec++.tlog\cl.read.1.tlog
d:\esgi\5ème année\moteurc++\enginec++\enginec++\enginec++\x64\debug\enginec++.tlog\cl.write.1.tlog
d:\esgi\5ème année\moteurc++\enginec++\enginec++\enginec++\x64\debug\enginec++.tlog\link.command.1.tlog
d:\esgi\5ème année\moteurc++\enginec++\enginec++\enginec++\x64\debug\enginec++.tlog\link.read.1.tlog
d:\esgi\5ème année\moteurc++\enginec++\enginec++\enginec++\x64\debug\enginec++.tlog\link.write.1.tlog
